
> timeline@0.1.0 start:dev /www/anderson-timeline/frontend
> webpack-dev-server

[34mℹ[39m [90m｢wds｣[39m: Project is running at http://0.0.0.0:3000/
[34mℹ[39m [90m｢wds｣[39m: webpack output is served from /
[34mℹ[39m [90m｢wds｣[39m: Content not from webpack is served from /www/anderson-timeline/frontend/public/
[34mℹ[39m [90m｢wdm｣[39m: Hash: adfd8ca6e3bd5f0e639b
Version: webpack 4.30.0
Time: 1175ms
Built at: 05/03/2020 12:49:57 PM
                               Asset      Size  Chunks             Chunk Names
3980734032ba7ae242f242cebf57a990.png    92 KiB          [emitted]  
                           bundle.js  1.51 MiB    main  [emitted]  main
Entrypoint main = bundle.js
[0] multi (webpack)-dev-server/client?http://0.0.0.0:3000 (webpack)/hot/only-dev-server.js ./src/index.js 52 bytes {main} [built]
[./node_modules/react-dom/index.js] 1.33 KiB {main} [built]
[./node_modules/react/index.js] 190 bytes {main} [built]
[./node_modules/webpack-dev-server/client/index.js?http://0.0.0.0:3000] (webpack)-dev-server/client?http://0.0.0.0:3000 4.29 KiB {main} [built]
[./node_modules/webpack-dev-server/client/overlay.js] (webpack)-dev-server/client/overlay.js 3.51 KiB {main} [built]
[./node_modules/webpack-dev-server/client/socket.js] (webpack)-dev-server/client/socket.js 1.53 KiB {main} [built]
[./node_modules/webpack-dev-server/client/utils/createSocketUrl.js] (webpack)-dev-server/client/utils/createSocketUrl.js 2.91 KiB {main} [built]
[./node_modules/webpack-dev-server/client/utils/log.js] (webpack)-dev-server/client/utils/log.js 964 bytes {main} [built]
[./node_modules/webpack-dev-server/client/utils/reloadApp.js] (webpack)-dev-server/client/utils/reloadApp.js 1.59 KiB {main} [built]
[./node_modules/webpack-dev-server/client/utils/sendMessage.js] (webpack)-dev-server/client/utils/sendMessage.js 402 bytes {main} [built]
[./node_modules/webpack-dev-server/node_modules/strip-ansi/index.js] (webpack)-dev-server/node_modules/strip-ansi/index.js 161 bytes {main} [built]
[./node_modules/webpack/hot sync ^\.\/log$] (webpack)/hot sync nonrecursive ^\.\/log$ 170 bytes {main} [built]
[./node_modules/webpack/hot/emitter.js] (webpack)/hot/emitter.js 75 bytes {main} [built]
[./node_modules/webpack/hot/only-dev-server.js] (webpack)/hot/only-dev-server.js 2.55 KiB {main} [built]
[./src/index.js] 181 bytes {main} [built]
    + 52 hidden modules
[34mℹ[39m [90m｢wdm｣[39m: Compiled successfully.
